<?xml version="1.0" encoding="UTF-8" ?>
<testsuite errors="1" failures="0" hostname="mymed20" name="com.mymed.tests.unit.bean.BeansTestSuite" tests="1" time="0.0" timestamp="2012-05-24T12:07:00">
  <properties>
    <property name="java.vendor" value="Sun Microsystems Inc." />
    <property name="lib.dir" value="/home/auburtic/git/mymed/backend/src/com/mymed/tests/lib" />
    <property name="sun.java.launcher" value="SUN_STANDARD" />
    <property name="eclipse.pdebuild.templates" value="/home/auburtic/Downloads/eclipse/plugins/org.eclipse.pde.build_3.7.0.v20111116-2009/templates//" />
    <property name="sun.management.compiler" value="HotSpot Tiered Compilers" />
    <property name="os.name" value="Linux" />
    <property name="sun.boot.class.path" value="/usr/lib/jvm/java-6-openjdk/jre/lib/resources.jar:/usr/lib/jvm/java-6-openjdk/jre/lib/rt.jar:/usr/lib/jvm/java-6-openjdk/jre/lib/sunrsasign.jar:/usr/lib/jvm/java-6-openjdk/jre/lib/jsse.jar:/usr/lib/jvm/java-6-openjdk/jre/lib/jce.jar:/usr/lib/jvm/java-6-openjdk/jre/lib/charsets.jar:/usr/lib/jvm/java-6-openjdk/jre/lib/netx.jar:/usr/lib/jvm/java-6-openjdk/jre/lib/plugin.jar:/usr/lib/jvm/java-6-openjdk/jre/lib/rhino.jar:/usr/lib/jvm/java-6-openjdk/jre/lib/modules/jdk.boot.jar:/usr/lib/jvm/java-6-openjdk/jre/classes" />
    <property name="backend.dir" value="/home/auburtic/git/mymed/backend" />
    <property name="glassfish.dir" value="/local/glassfish3/glassfish" />
    <property name="sun.desktop" value="gnome" />
    <property name="java.vm.specification.vendor" value="Sun Microsystems Inc." />
    <property name="src.compile.dir" value="/home/auburtic/git/mymed/backend/src/com/mymed/controller:/home/auburtic/git/mymed/backend/src/com/mymed/model:/home/auburtic/git/mymed/backend/src/com/mymed/utils:/home/auburtic/git/mymed/backend/src/com/mymed/properties" />
    <property name="ant.home" value="/home/auburtic/Downloads/eclipse/plugins/org.apache.ant_1.8.2.v20120109-1030" />
    <property name="java.runtime.version" value="1.6.0_20-b20" />
    <property name="user.name" value="auburtic" />
    <property name="build.dir" value="/home/auburtic/git/mymed/backend/src/com/mymed/tests/build" />
    <property name="ext.lib.dir" value="/home/auburtic/git/mymed/backend/ext/lib" />
    <property name="user.language" value="en" />
    <property name="ext.dir" value="/home/auburtic/git/mymed/backend/ext" />
    <property name="sun.boot.library.path" value="/usr/lib/jvm/java-6-openjdk/jre/lib/i386" />
    <property name="ant.project.default-target" value="beans" />
    <property name="ant.project.name" value="tests" />
    <property name="java.version" value="1.6.0_20" />
    <property name="user.timezone" value="" />
    <property name="resources.dir" value="/home/auburtic/git/mymed/backend/src/com/mymed/resources" />
    <property name="sun.arch.data.model" value="32" />
    <property name="java.endorsed.dirs" value="/usr/lib/jvm/java-6-openjdk/jre/lib/endorsed" />
    <property name="sun.cpu.isalist" value="" />
    <property name="sun.jnu.encoding" value="UTF-8" />
    <property name="file.encoding.pkg" value="sun.io" />
    <property name="file.separator" value="/" />
    <property name="java.specification.name" value="Java Platform API Specification" />
    <property name="classes.dir" value="/home/auburtic/git/mymed/backend/src/com/mymed/tests/build" />
    <property name="java.class.version" value="50.0" />
    <property name="user.country" value="US" />
    <property name="java.home" value="/usr/lib/jvm/java-6-openjdk/jre" />
    <property name="java.vm.info" value="mixed mode" />
    <property name="ant.file" value="/home/auburtic/git/mymed/backend/src/com/mymed/tests/build.xml" />
    <property name="os.version" value="2.6.32-41-generic-pae" />
    <property name="path.separator" value=":" />
    <property name="java.vm.version" value="19.0-b09" />
    <property name="ant.library.dir" value="/home/auburtic/Downloads/eclipse/plugins/org.apache.ant_1.8.2.v20120109-1030/lib" />
    <property name="java.awt.printerjob" value="sun.print.PSPrinterJob" />
    <property name="sun.io.unicode.encoding" value="UnicodeLittle" />
    <property name="results.dir" value="/home/auburtic/git/mymed/backend/src/com/mymed/tests/results" />
    <property name="eclipse.pdebuild.scripts" value="/home/auburtic/Downloads/eclipse/plugins/org.eclipse.pde.build_3.7.0.v20111116-2009/scripts//" />
    <property name="coverage.dir" value="/home/auburtic/git/mymed/backend/src/com/mymed/tests/results/coverage" />
    <property name="user.home" value="/home/auburtic" />
    <property name="java.specification.vendor" value="Sun Microsystems Inc." />
    <property name="mymed.jar" value="mymed.jar" />
    <property name="junit.dir" value="/home/auburtic/Downloads/eclipse/plugins/org.junit_4.8.2.v4_8_2_v20110321-1705" />
    <property name="java.library.path" value="/usr/lib/jvm/java-6-openjdk/jre/lib/i386/server:/usr/lib/jvm/java-6-openjdk/jre/lib/i386:/usr/lib/jvm/java-6-openjdk/jre/../lib/i386:/usr/lib/jvm/java-6-openjdk/jre/lib/i386/client:/usr/lib/jvm/java-6-openjdk/jre/lib/i386::/usr/java/packages/lib/i386:/usr/lib/jni:/lib:/usr/lib" />
    <property name="java.vendor.url" value="http://java.sun.com/" />
    <property name="java.vm.vendor" value="Sun Microsystems Inc." />
    <property name="java.runtime.name" value="OpenJDK Runtime Environment" />
    <property name="java.class.path" value="/home/auburtic/Downloads/eclipse/plugins/org.apache.ant_1.8.2.v20120109-1030/lib/ant-antlr.jar:/home/auburtic/Downloads/eclipse/plugins/org.apache.ant_1.8.2.v20120109-1030/lib/ant-apache-bcel.jar:/home/auburtic/Downloads/eclipse/plugins/org.apache.ant_1.8.2.v20120109-1030/lib/ant-apache-bsf.jar:/home/auburtic/Downloads/eclipse/plugins/org.apache.ant_1.8.2.v20120109-1030/lib/ant-apache-log4j.jar:/home/auburtic/Downloads/eclipse/plugins/org.apache.ant_1.8.2.v20120109-1030/lib/ant-apache-oro.jar:/home/auburtic/Downloads/eclipse/plugins/org.apache.ant_1.8.2.v20120109-1030/lib/ant-apache-regexp.jar:/home/auburtic/Downloads/eclipse/plugins/org.apache.ant_1.8.2.v20120109-1030/lib/ant-apache-resolver.jar:/home/auburtic/Downloads/eclipse/plugins/org.apache.ant_1.8.2.v20120109-1030/lib/ant-apache-xalan2.jar:/home/auburtic/Downloads/eclipse/plugins/org.apache.ant_1.8.2.v20120109-1030/lib/ant-commons-logging.jar:/home/auburtic/Downloads/eclipse/plugins/org.apache.ant_1.8.2.v20120109-1030/lib/ant-commons-net.jar:/home/auburtic/Downloads/eclipse/plugins/org.apache.ant_1.8.2.v20120109-1030/lib/ant-jai.jar:/home/auburtic/Downloads/eclipse/plugins/org.apache.ant_1.8.2.v20120109-1030/lib/ant-javamail.jar:/home/auburtic/Downloads/eclipse/plugins/org.apache.ant_1.8.2.v20120109-1030/lib/ant-jdepend.jar:/home/auburtic/Downloads/eclipse/plugins/org.apache.ant_1.8.2.v20120109-1030/lib/ant-jmf.jar:/home/auburtic/Downloads/eclipse/plugins/org.apache.ant_1.8.2.v20120109-1030/lib/ant-jsch.jar:/home/auburtic/Downloads/eclipse/plugins/org.apache.ant_1.8.2.v20120109-1030/lib/ant-junit.jar:/home/auburtic/Downloads/eclipse/plugins/org.apache.ant_1.8.2.v20120109-1030/lib/ant-junit4.jar:/home/auburtic/Downloads/eclipse/plugins/org.apache.ant_1.8.2.v20120109-1030/lib/ant-launcher.jar:/home/auburtic/Downloads/eclipse/plugins/org.apache.ant_1.8.2.v20120109-1030/lib/ant-netrexx.jar:/home/auburtic/Downloads/eclipse/plugins/org.apache.ant_1.8.2.v20120109-1030/lib/ant-swing.jar:/home/auburtic/Downloads/eclipse/plugins/org.apache.ant_1.8.2.v20120109-1030/lib/ant-testutil.jar:/home/auburtic/Downloads/eclipse/plugins/org.apache.ant_1.8.2.v20120109-1030/lib/ant.jar:/home/auburtic/Downloads/eclipse/configuration/org.eclipse.osgi/bundles/56/1/.cp/lib/antdebug.jar:/home/auburtic/Downloads/eclipse/configuration/org.eclipse.osgi/bundles/56/1/.cp/lib/remote.jar:/home/auburtic/Downloads/eclipse/configuration/org.eclipse.osgi/bundles/57/1/.cp/lib/remoteAnt.jar:/usr/lib/jvm/java-6-openjdk/lib/tools.jar:/home/auburtic/Downloads/eclipse/plugins/org.eclipse.swt.gtk.linux.x86_3.7.2.v3740f.jar:/home/auburtic/git/mymed/backend/src/com/mymed/tests/results/inst:/home/auburtic/git/mymed/backend/src/com/mymed/tests/build:/home/auburtic/git/mymed/backend/src/com/mymed/tests/conf:/home/auburtic/Downloads/eclipse/plugins/org.junit_4.8.2.v4_8_2_v20110321-1705/junit.jar:/home/auburtic/git/mymed/backend/src/com/mymed/tests:/usr/share/java/activation-1.1.1.jar:/usr/share/java/activation.jar:/usr/share/java/ant-1.7.1.jar:/usr/share/java/ant-bootstrap.jar:/usr/share/java/ant-launcher-1.7.1.jar:/usr/share/java/ant-launcher.jar:/usr/share/java/ant.jar:/usr/share/java/antlr-2.7.7.jar:/usr/share/java/antlr.debug.jar:/usr/share/java/antlr.jar:/usr/share/java/antlrall.jar:/usr/share/java/asm2-2.2.3.jar:/usr/share/java/asm2-analysis-2.2.3.jar:/usr/share/java/asm2-analysis.jar:/usr/share/java/asm2-attrs-2.2.3.jar:/usr/share/java/asm2-attrs.jar:/usr/share/java/asm2-commons-2.2.3.jar:/usr/share/java/asm2-commons.jar:/usr/share/java/asm2-tree-2.2.3.jar:/usr/share/java/asm2-tree.jar:/usr/share/java/asm2-util-2.2.3.jar:/usr/share/java/asm2-util.jar:/usr/share/java/asm2-xml-2.2.3.jar:/usr/share/java/asm2-xml.jar:/usr/share/java/asm2.jar:/usr/share/java/asm3-3.2.jar:/usr/share/java/asm3-all-3.2.jar:/usr/share/java/asm3-all.jar:/usr/share/java/asm3-analysis-3.2.jar:/usr/share/java/asm3-analysis.jar:/usr/share/java/asm3-commons-3.2.jar:/usr/share/java/asm3-commons.jar:/usr/share/java/asm3-tree-3.2.jar:/usr/share/java/asm3-tree.jar:/usr/share/java/asm3-util-3.2.jar:/usr/share/java/asm3-util.jar:/usr/share/java/asm3-xml-3.2.jar:/usr/share/java/asm3-xml.jar:/usr/share/java/asm3.jar:/usr/share/java/avalon-framework-4.2.0.jar:/usr/share/java/avalon-framework.jar:/usr/share/java/backport-util-concurrent-3.1.jar:/usr/share/java/backport-util-concurrent.jar:/usr/share/java/batik-1.7.jar:/usr/share/java/batik-all-1.7.jar:/usr/share/java/batik-all.jar:/usr/share/java/batik-ext-1.7.jar:/usr/share/java/batik-ext.jar:/usr/share/java/batik-libs-1.7.jar:/usr/share/java/batik-libs.jar:/usr/share/java/batik-transcoder-1.7.jar:/usr/share/java/batik-transcoder.jar:/usr/share/java/batik.jar:/usr/share/java/bsf-2.4.0.jar:/usr/share/java/bsf.jar:/usr/share/java/bsh-2.0b4.jar:/usr/share/java/bsh.jar:/usr/share/java/classworlds-1.1-final.jar:/usr/share/java/classworlds.jar:/usr/share/java/commons-beanutils-1.8.2.jar:/usr/share/java/commons-beanutils.jar:/usr/share/java/commons-cli-1.2.jar:/usr/share/java/commons-cli.jar:/usr/share/java/commons-codec-1.4.jar:/usr/share/java/commons-codec.jar:/usr/share/java/commons-collections-2.1.1.jar:/usr/share/java/commons-collections.jar:/usr/share/java/commons-collections3-3.2.1.jar:/usr/share/java/commons-collections3-testframework-3.2.1.jar:/usr/share/java/commons-collections3-testframework.jar:/usr/share/java/commons-collections3.jar:/usr/share/java/commons-configuration-1.6.jar:/usr/share/java/commons-configuration.jar:/usr/share/java/commons-digester-1.8.1.jar:/usr/share/java/commons-digester.jar:/usr/share/java/commons-httpclient-3.1.jar:/usr/share/java/commons-httpclient.jar:/usr/share/java/commons-io-1.4.jar:/usr/share/java/commons-io.jar:/usr/share/java/commons-jxpath-1.3.jar:/usr/share/java/commons-jxpath.jar:/usr/share/java/commons-lang-2.4.jar:/usr/share/java/commons-lang.jar:/usr/share/java/commons-logging-1.1.1.jar:/usr/share/java/commons-logging-adapters-1.1.1.jar:/usr/share/java/commons-logging-adapters.jar:/usr/share/java/commons-logging-api-1.1.1.jar:/usr/share/java/commons-logging-api.jar:/usr/share/java/commons-logging.jar:/usr/share/java/commons-net2-2.0.jar:/usr/share/java/commons-net2.jar:/usr/share/java/commons-validator-1.3.1.jar:/usr/share/java/commons-validator.jar:/usr/share/java/cvsclient-6.5.jar:/usr/share/java/cvsclient.jar:/usr/share/java/doxia-book-1.1.1.jar:/usr/share/java/doxia-book.jar:/usr/share/java/doxia-core-1.1.1.jar:/usr/share/java/doxia-core.jar:/usr/share/java/doxia-decoration-model-1.1.1.jar:/usr/share/java/doxia-decoration-model.jar:/usr/share/java/doxia-doc-renderer-1.1.1.jar:/usr/share/java/doxia-doc-renderer.jar:/usr/share/java/doxia-logging-api-1.1.1.jar:/usr/share/java/doxia-logging-api.jar:/usr/share/java/doxia-module-apt-1.1.1.jar:/usr/share/java/doxia-module-apt.jar:/usr/share/java/doxia-module-confluence-1.1.1.jar:/usr/share/java/doxia-module-confluence.jar:/usr/share/java/doxia-module-docbook-simple-1.1.1.jar:/usr/share/java/doxia-module-docbook-simple.jar:/usr/share/java/doxia-module-fml-1.1.1.jar:/usr/share/java/doxia-module-fml.jar:/usr/share/java/doxia-module-fo-1.1.1.jar:/usr/share/java/doxia-module-fo.jar:/usr/share/java/doxia-module-itext-1.1.1.jar:/usr/share/java/doxia-module-itext.jar:/usr/share/java/doxia-module-latex-1.1.1.jar:/usr/share/java/doxia-module-latex.jar:/usr/share/java/doxia-module-rtf-1.1.1.jar:/usr/share/java/doxia-module-rtf.jar:/usr/share/java/doxia-module-twiki-1.1.1.jar:/usr/share/java/doxia-module-twiki.jar:/usr/share/java/doxia-module-xdoc-1.1.1.jar:/usr/share/java/doxia-module-xdoc.jar:/usr/share/java/doxia-module-xhtml-1.1.1.jar:/usr/share/java/doxia-module-xhtml.jar:/usr/share/java/doxia-sink-api-1.1.1.jar:/usr/share/java/doxia-sink-api.jar:/usr/share/java/doxia-site-renderer-1.1.1.jar:/usr/share/java/doxia-site-renderer.jar:/usr/share/java/el-api-2.1.jar:/usr/share/java/excalibur-logkit-2.0.jar:/usr/share/java/excalibur-logkit.jar:/usr/share/java/file-management-1.2.1.jar:/usr/share/java/file-management.jar:/usr/share/java/fop-0.95.jar:/usr/share/java/fop.jar:/usr/share/java/ganymed-ssh2-210.jar:/usr/share/java/ganymed-ssh2.jar:/usr/share/java/geronimo-jms-1.1-spec-1.1.jar:/usr/share/java/geronimo-jms-1.1-spec.jar:/usr/share/java/gnome-java-bridge.jar:/usr/share/java/gnumail-1.1.2.jar:/usr/share/java/gnumail-providers-1.1.2.jar:/usr/share/java/gnumail-providers.jar:/usr/share/java/gnumail.jar:/usr/share/java/google-collect-20080808.jar:/usr/share/java/google-collect.jar:/usr/share/java/google-collections-0.8.jar:/usr/share/java/google-collections.jar:/usr/share/java/groovy-1.6.4.jar:/usr/share/java/groovy-all-1.6.4.jar:/usr/share/java/groovy-all.jar:/usr/share/java/groovy.jar:/usr/share/java/hamcrest-core-1.1.jar:/usr/share/java/hamcrest-core.jar:/usr/share/java/hamcrest-generator-1.1.jar:/usr/share/java/hamcrest-generator.jar:/usr/share/java/hamcrest-integration-1.1.jar:/usr/share/java/hamcrest-integration.jar:/usr/share/java/hamcrest-library-1.1.jar:/usr/share/java/hamcrest-library.jar:/usr/share/java/hamcrest-text-1.1.jar:/usr/share/java/hamcrest-text.jar:/usr/share/java/inetlib-1.1.1.jar:/usr/share/java/inetlib.jar:/usr/share/java/itext1-1.4.jar:/usr/share/java/itext1.jar:/usr/share/java/ivy-2.1.0-rc2.jar:/usr/share/java/ivy.jar:/usr/share/java/jaxp-1.3.jar:/usr/share/java/jcl-over-slf4j-1.5.10.jar:/usr/share/java/jcl-over-slf4j.jar:/usr/share/java/jdom1-1.1.1.jar:/usr/share/java/jdom1.jar:/usr/share/java/jline-0.9.94.jar:/usr/share/java/jline.jar:/usr/share/java/js-1.7R2.jar:/usr/share/java/js.jar:/usr/share/java/jsch-0.1.42.jar:/usr/share/java/jsch.jar:/usr/share/java/jsp-api-2.0.jar:/usr/share/java/jsp-api-2.1.jar:/usr/share/java/jsp-api.jar:/usr/share/java/jtidy-8.0-alpha-20070309.jar:/usr/share/java/jtidy.jar:/usr/share/java/jul-to-slf4j-1.5.10.jar:/usr/share/java/jul-to-slf4j.jar:/usr/share/java/junit4-4.8.1.jar:/usr/share/java/junit4.jar:/usr/share/java/libintl.jar:/usr/share/java/libplexus-utils.jar:/usr/share/java/log4j-1.2-1.2.15.jar:/usr/share/java/log4j-1.2.jar:/usr/share/java/log4j-over-slf4j-1.5.10.jar:/usr/share/java/log4j-over-slf4j.jar:/usr/share/java/maven-archiver-2.4.jar:/usr/share/java/maven-archiver.jar:/usr/share/java/maven-artifact-2.2.1.jar:/usr/share/java/maven-artifact-manager-2.2.1.jar:/usr/share/java/maven-artifact-manager.jar:/usr/share/java/maven-artifact-test-2.2.1.jar:/usr/share/java/maven-artifact-test.jar:/usr/share/java/maven-artifact.jar:/usr/share/java/maven-clean-plugin-2.3.jar:/usr/share/java/maven-clean-plugin.jar:/usr/share/java/maven-compat-2.2.1.jar:/usr/share/java/maven-compat.jar:/usr/share/java/maven-compiler-plugin-2.0.2.jar:/usr/share/java/maven-compiler-plugin.jar:/usr/share/java/maven-core-2.2.1.jar:/usr/share/java/maven-core.jar:/usr/share/java/maven-dependency-tree-1.2.jar:/usr/share/java/maven-dependency-tree.jar:/usr/share/java/maven-error-diagnostics-2.2.1.jar:/usr/share/java/maven-error-diagnostics.jar:/usr/share/java/maven-filtering-1.0-beta-2.jar:/usr/share/java/maven-filtering.jar:/usr/share/java/maven-install-plugin-2.3.jar:/usr/share/java/maven-install-plugin.jar:/usr/share/java/maven-jar-plugin-2.2.jar:/usr/share/java/maven-jar-plugin.jar:/usr/share/java/maven-model-2.2.1.jar:/usr/share/java/maven-model.jar:/usr/share/java/maven-monitor-2.2.1.jar:/usr/share/java/maven-monitor.jar:/usr/share/java/maven-plugin-api-2.2.1.jar:/usr/share/java/maven-plugin-api.jar:/usr/share/java/maven-plugin-descriptor-2.2.1.jar:/usr/share/java/maven-plugin-descriptor.jar:/usr/share/java/maven-plugin-parameter-documenter-2.2.1.jar:/usr/share/java/maven-plugin-parameter-documenter.jar:/usr/share/java/maven-plugin-plugin-2.5.jar:/usr/share/java/maven-plugin-plugin.jar:/usr/share/java/maven-plugin-registry-2.2.1.jar:/usr/share/java/maven-plugin-registry.jar:/usr/share/java/maven-plugin-tools-ant-2.5.jar:/usr/share/java/maven-plugin-tools-ant.jar:/usr/share/java/maven-plugin-tools-api-2.5.jar:/usr/share/java/maven-plugin-tools-api.jar:/usr/share/java/maven-plugin-tools-beanshell-2.5.jar:/usr/share/java/maven-plugin-tools-beanshell.jar:/usr/share/java/maven-plugin-tools-java-2.5.jar:/usr/share/java/maven-plugin-tools-java.jar:/usr/share/java/maven-plugin-tools-javadoc-2.5.jar:/usr/share/java/maven-plugin-tools-javadoc.jar:/usr/share/java/maven-plugin-tools-model-2.5.jar:/usr/share/java/maven-plugin-tools-model.jar:/usr/share/java/maven-profile-2.2.1.jar:/usr/share/java/maven-profile.jar:/usr/share/java/maven-project-2.2.1.jar:/usr/share/java/maven-project.jar:/usr/share/java/maven-reporting-api-2.2.1.jar:/usr/share/java/maven-reporting-api.jar:/usr/share/java/maven-reporting-impl-2.0.4.2.jar:/usr/share/java/maven-reporting-impl.jar:/usr/share/java/maven-repository-metadata-2.2.1.jar:/usr/share/java/maven-repository-metadata.jar:/usr/share/java/maven-resources-plugin-2.3.jar:/usr/share/java/maven-resources-plugin.jar:/usr/share/java/maven-scm-api-1.2.jar:/usr/share/java/maven-scm-api.jar:/usr/share/java/maven-scm-client-1.2.jar:/usr/share/java/maven-scm-client.jar:/usr/share/java/maven-scm-manager-plexus-1.2.jar:/usr/share/java/maven-scm-manager-plexus.jar:/usr/share/java/maven-scm-provider-accurev-1.2.jar:/usr/share/java/maven-scm-provider-accurev.jar:/usr/share/java/maven-scm-provider-bazaar-1.2.jar:/usr/share/java/maven-scm-provider-bazaar.jar:/usr/share/java/maven-scm-provider-clearcase-1.2.jar:/usr/share/java/maven-scm-provider-clearcase.jar:/usr/share/java/maven-scm-provider-cvs-commons-1.2.jar:/usr/share/java/maven-scm-provider-cvs-commons.jar:/usr/share/java/maven-scm-provider-cvsexe-1.2.jar:/usr/share/java/maven-scm-provider-cvsexe.jar:/usr/share/java/maven-scm-provider-cvsjava-1.2.jar:/usr/share/java/maven-scm-provider-cvsjava.jar:/usr/share/java/maven-scm-provider-git-commons-1.2.jar:/usr/share/java/maven-scm-provider-git-commons.jar:/usr/share/java/maven-scm-provider-gitexe-1.2.jar:/usr/share/java/maven-scm-provider-gitexe.jar:/usr/share/java/maven-scm-provider-hg-1.2.jar:/usr/share/java/maven-scm-provider-hg.jar:/usr/share/java/maven-scm-provider-local-1.2.jar:/usr/share/java/maven-scm-provider-local.jar:/usr/share/java/maven-scm-provider-perforce-1.2.jar:/usr/share/java/maven-scm-provider-perforce.jar:/usr/share/java/maven-scm-provider-starteam-1.2.jar:/usr/share/java/maven-scm-provider-starteam.jar:/usr/share/java/maven-scm-provider-svn-commons-1.2.jar:/usr/share/java/maven-scm-provider-svn-commons.jar:/usr/share/java/maven-scm-provider-svnexe-1.2.jar:/usr/share/java/maven-scm-provider-svnexe.jar:/usr/share/java/maven-scm-provider-synergy-1.2.jar:/usr/share/java/maven-scm-provider-synergy.jar:/usr/share/java/maven-scm-provider-vss-1.2.jar:/usr/share/java/maven-scm-provider-vss.jar:/usr/share/java/maven-script-ant-2.2.1.jar:/usr/share/java/maven-script-ant.jar:/usr/share/java/maven-script-beanshell-2.2.1.jar:/usr/share/java/maven-script-beanshell.jar:/usr/share/java/maven-settings-2.2.1.jar:/usr/share/java/maven-settings.jar:/usr/share/java/maven-shade-plugin-1.2.1.jar:/usr/share/java/maven-shade-plugin.jar:/usr/share/java/maven-shared-io-1.1.jar:/usr/share/java/maven-shared-io.jar:/usr/share/java/maven-toolchain-2.2.1.jar:/usr/share/java/maven-toolchain.jar:/usr/share/java/mockobjects-core-0.09.jar:/usr/share/java/mockobjects-core.jar:/usr/share/java/modello-core-1.1.jar:/usr/share/java/modello-core.jar:/usr/share/java/modello-plugin-converters-1.1.jar:/usr/share/java/modello-plugin-converters.jar:/usr/share/java/modello-plugin-dom4j-1.1.jar:/usr/share/java/modello-plugin-dom4j.jar:/usr/share/java/modello-plugin-java-1.1.jar:/usr/share/java/modello-plugin-java.jar:/usr/share/java/modello-plugin-jdom-1.1.jar:/usr/share/java/modello-plugin-jdom.jar:/usr/share/java/modello-plugin-stax-1.1.jar:/usr/share/java/modello-plugin-stax.jar:/usr/share/java/modello-plugin-xdoc-1.1.jar:/usr/share/java/modello-plugin-xdoc.jar:/usr/share/java/modello-plugin-xml-1.1.jar:/usr/share/java/modello-plugin-xml.jar:/usr/share/java/modello-plugin-xpp3-1.1.jar:/usr/share/java/modello-plugin-xpp3.jar:/usr/share/java/modello-plugin-xsd-1.1.jar:/usr/share/java/modello-plugin-xsd.jar:/usr/share/java/nekohtml-1.9.13.jar:/usr/share/java/nekohtml.jar:/usr/share/java/nekohtmlXni-1.9.13.jar:/usr/share/java/nekohtmlXni.jar:/usr/share/java/openoffice/java_uno.jar:/usr/share/java/openoffice/juh.jar:/usr/share/java/openoffice/jurt.jar:/usr/share/java/openoffice/ridl.jar:/usr/share/java/openoffice/unoloader.jar:/usr/share/java/oro-2.0.8.jar:/usr/share/java/oro.jar:/usr/share/java/plexus-ant-factory-1.0-alpha-2.1.jar:/usr/share/java/plexus-ant-factory.jar:/usr/share/java/plexus-archiver-1.0-alpha-12.jar:/usr/share/java/plexus-archiver.jar:/usr/share/java/plexus-bsh-factory-1.0-alpha-7.jar:/usr/share/java/plexus-bsh-factory.jar:/usr/share/java/plexus-build-api-0.0.4.jar:/usr/share/java/plexus-build-api.jar:/usr/share/java/plexus-cipher-1.5.jar:/usr/share/java/plexus-cipher.jar:/usr/share/java/plexus-classworlds-1.5.0.jar:/usr/share/java/plexus-classworlds.jar:/usr/share/java/plexus-compiler-api-1.5.3.jar:/usr/share/java/plexus-compiler-api.jar:/usr/share/java/plexus-compiler-javac-1.5.3.jar:/usr/share/java/plexus-compiler-javac.jar:/usr/share/java/plexus-compiler-manager-1.5.3.jar:/usr/share/java/plexus-compiler-manager.jar:/usr/share/java/plexus-component-annotations-1.0-beta-3.0.7.jar:/usr/share/java/plexus-component-annotations.jar:/usr/share/java/plexus-component-api-1.0-alpha-22.jar:/usr/share/java/plexus-component-api.jar:/usr/share/java/plexus-component-javadoc-1.0-beta-3.0.7.jar:/usr/share/java/plexus-component-javadoc.jar:/usr/share/java/plexus-container-default-1.0-beta-3.0.7.jar:/usr/share/java/plexus-container-default-alpha-1.0-alpha-9-stable-1.jar:/usr/share/java/plexus-container-default-alpha.jar:/usr/share/java/plexus-container-default.jar:/usr/share/java/plexus-digest-1.1.jar:/usr/share/java/plexus-digest.jar:/usr/share/java/plexus-i18n-1.0-beta-10.jar:/usr/share/java/plexus-i18n.jar:/usr/share/java/plexus-interactivity-api-1.0-alpha-6.jar:/usr/share/java/plexus-interactivity-api.jar:/usr/share/java/plexus-interpolation-1.11.jar:/usr/share/java/plexus-interpolation.jar:/usr/share/java/plexus-io-1.0-alpha-5.jar:/usr/share/java/plexus-io.jar:/usr/share/java/plexus-sec-dispatcher-1.3.1.jar:/usr/share/java/plexus-sec-dispatcher.jar:/usr/share/java/plexus-utils-1.5.15.jar:/usr/share/java/plexus-utils.jar:/usr/share/java/plexus-velocity-1.1.7.jar:/usr/share/java/plexus-velocity.jar:/usr/share/java/qdox-1.9.2.jar:/usr/share/java/qdox.jar:/usr/share/java/regexp-1.5.jar:/usr/share/java/regexp.jar:/usr/share/java/saxon-6.5.5.jar:/usr/share/java/saxon-jdom-6.5.5.jar:/usr/share/java/saxon-jdom.jar:/usr/share/java/saxon.jar:/usr/share/java/serializer-2.7.1.jar:/usr/share/java/serializer.jar:/usr/share/java/servlet-api-2.4.jar:/usr/share/java/servlet-api-2.5.jar:/usr/share/java/servlet-api.jar:/usr/share/java/slf4j-api-1.5.10.jar:/usr/share/java/slf4j-api.jar:/usr/share/java/slf4j-jcl-1.5.10.jar:/usr/share/java/slf4j-jcl.jar:/usr/share/java/slf4j-jdk14-1.5.10.jar:/usr/share/java/slf4j-jdk14.jar:/usr/share/java/slf4j-log4j12-1.5.10.jar:/usr/share/java/slf4j-log4j12.jar:/usr/share/java/slf4j-migrator-1.5.10.jar:/usr/share/java/slf4j-migrator.jar:/usr/share/java/slf4j-nop-1.5.10.jar:/usr/share/java/slf4j-nop.jar:/usr/share/java/slf4j-simple-1.5.10.jar:/usr/share/java/slf4j-simple.jar:/usr/share/java/velocity-1.6.2.jar:/usr/share/java/velocity.jar:/usr/share/java/wagon-file-1.0-beta-6.jar:/usr/share/java/wagon-file.jar:/usr/share/java/wagon-ftp-1.0-beta-6.jar:/usr/share/java/wagon-ftp.jar:/usr/share/java/wagon-http-1.0-beta-6.jar:/usr/share/java/wagon-http-lightweight-1.0-beta-6.jar:/usr/share/java/wagon-http-lightweight.jar:/usr/share/java/wagon-http-shared-1.0-beta-6.jar:/usr/share/java/wagon-http-shared.jar:/usr/share/java/wagon-http.jar:/usr/share/java/wagon-provider-api-1.0-beta-6.jar:/usr/share/java/wagon-provider-api.jar:/usr/share/java/wagon-scm-1.0-beta-6.jar:/usr/share/java/wagon-scm.jar:/usr/share/java/wagon-ssh-1.0-beta-6.jar:/usr/share/java/wagon-ssh-common-1.0-beta-6.jar:/usr/share/java/wagon-ssh-common.jar:/usr/share/java/wagon-ssh-external-1.0-beta-6.jar:/usr/share/java/wagon-ssh-external.jar:/usr/share/java/wagon-ssh.jar:/usr/share/java/werken.xpath-0.9.4.jar:/usr/share/java/werken.xpath.jar:/usr/share/java/xalan2-2.7.1.jar:/usr/share/java/xalan2.jar:/usr/share/java/xbean-classpath-3.5.jar:/usr/share/java/xbean-classpath.jar:/usr/share/java/xbean-naming-3.5.jar:/usr/share/java/xbean-naming.jar:/usr/share/java/xbean-reflect-3.5.jar:/usr/share/java/xbean-reflect.jar:/usr/share/java/xbean-telnet-3.5.jar:/usr/share/java/xbean-telnet.jar:/usr/share/java/xercesImpl-2.9.1.jar:/usr/share/java/xercesImpl.jar:/usr/share/java/xml-apis-1.3.04.jar:/usr/share/java/xml-apis-ext.jar:/usr/share/java/xml-apis.jar:/usr/share/java/xml-commons-external-1.3.05.jar:/usr/share/java/xmlParserAPIs.jar:/usr/share/java/xmlgraphics-commons-1.3.1.jar:/usr/share/java/xmlgraphics-commons.jar:/usr/share/java/xpp3-1.1.4c.jar:/usr/share/java/xpp3-min-1.1.4c.jar:/usr/share/java/xpp3-min.jar:/usr/share/java/xpp3-xpath-1.1.4c.jar:/usr/share/java/xpp3-xpath.jar:/usr/share/java/xpp3.jar:/usr/share/java/xstream-1.3.1.jar:/usr/share/java/xstream-benchmark-1.3.1.jar:/usr/share/java/xstream-benchmark.jar:/usr/share/java/xstream.jar:/home/auburtic/git/mymed/backend/WebContent/WEB-INF/lib/apache-cassandra-0.7.10.jar:/home/auburtic/git/mymed/backend/WebContent/WEB-INF/lib/gson-2.1.jar:/home/auburtic/git/mymed/backend/WebContent/WEB-INF/lib/libthrift-0.5.jar:/home/auburtic/git/mymed/backend/WebContent/WEB-INF/lib/logback-classic-0.9.29.jar:/home/auburtic/git/mymed/backend/WebContent/WEB-INF/lib/logback-core-0.9.29.jar:/home/auburtic/git/mymed/backend/WebContent/WEB-INF/lib/slf4j-api-1.6.2.jar:/home/auburtic/git/mymed/backend/WebContent/WEB-INF/lib/uuid-3.2.jar:/home/auburtic/git/mymed/backend/ext/doc/developers/dataStructure/javascript/jquery/build/google-compiler-20091218.jar:/home/auburtic/git/mymed/backend/ext/doc/developers/javascript/jquery/build/google-compiler-20091218.jar:/home/auburtic/git/mymed/backend/ext/lib/ant-contrib-1.0b3.jar:/home/auburtic/git/mymed/backend/ext/lib/checkstyle-5.5-all.jar:/home/auburtic/git/mymed/backend/ext/lib/emma.jar:/home/auburtic/git/mymed/backend/ext/lib/emma_ant.jar:/home/auburtic/git/mymed/backend/ext/lib/httpclient-4.1.2.jar:/home/auburtic/git/mymed/backend/ext/lib/httpcore-4.1.3.jar" />
    <property name="ant.version" value="Apache Ant(TM) version 1.8.2 compiled on December 20 2010" />
    <property name="controller.dir" value="/home/auburtic/git/mymed/backend/src/com/mymed/controller" />
    <property name="java.vm.specification.name" value="Java Virtual Machine Specification" />
    <property name="java.vm.specification.version" value="1.0" />
    <property name="ant.file.type.tests" value="file" />
    <property name="sun.cpu.endian" value="little" />
    <property name="sun.os.patch.level" value="unknown" />
    <property name="java.dir" value="/usr/share/java" />
    <property name="eclipse.pdebuild.home" value="/home/auburtic/Downloads/eclipse/plugins/org.eclipse.pde.build_3.7.0.v20111116-2009/.//" />
    <property name="java.io.tmpdir" value="/tmp" />
    <property name="java.vendor.url.bug" value="http://java.sun.com/cgi-bin/bugreport.cgi" />
    <property name="ant.file.tests" value="/home/auburtic/git/mymed/backend/src/com/mymed/tests/build.xml" />
    <property name="conf.dir" value="/home/auburtic/git/mymed/backend/src/com/mymed/tests/conf" />
    <property name="instrumented.dir" value="/home/auburtic/git/mymed/backend/src/com/mymed/tests/results/inst" />
    <property name="os.arch" value="i386" />
    <property name="java.awt.graphicsenv" value="sun.awt.X11GraphicsEnvironment" />
    <property name="java.ext.dirs" value="/usr/lib/jvm/java-6-openjdk/jre/lib/ext:/usr/java/packages/lib/ext" />
    <property name="tests.dir" value="/home/auburtic/git/mymed/backend/src/com/mymed/tests/unit" />
    <property name="user.dir" value="/home/auburtic/git/mymed/backend/src/com/mymed/tests" />
    <property name="model.dir" value="/home/auburtic/git/mymed/backend/src/com/mymed/model" />
    <property name="utils.dir" value="/home/auburtic/git/mymed/backend/src/com/mymed/utils" />
    <property name="web.content.lib.dir" value="/home/auburtic/git/mymed/backend/WebContent/WEB-INF/lib" />
    <property name="line.separator" value="&#xa;" />
    <property name="java.vm.name" value="OpenJDK Server VM" />
    <property name="properties.dir" value="/home/auburtic/git/mymed/backend/src/com/mymed/properties" />
    <property name="basedir" value="/home/auburtic/git/mymed/backend/src/com/mymed/tests" />
    <property name="ant.java.version" value="1.6" />
    <property name="ant.core.lib" value="/home/auburtic/Downloads/eclipse/plugins/org.apache.ant_1.8.2.v20120109-1030/lib/ant.jar" />
    <property name="file.encoding" value="UTF-8" />
    <property name="java.specification.version" value="1.6" />
    <property name="src.dir" value="/home/auburtic/git/mymed/backend/src/com/mymed" />
    <property name="ant.project.invoked-targets" value="beans" />
  </properties>
  <error message="com.mymed.tests.unit.bean.BeansTestSuite" type="java.lang.ClassNotFoundException">java.lang.ClassNotFoundException: com.mymed.tests.unit.bean.BeansTestSuite
	at java.net.URLClassLoader$1.run(URLClassLoader.java:217)
	at java.security.AccessController.doPrivileged(Native Method)
	at java.net.URLClassLoader.findClass(URLClassLoader.java:205)
	at java.lang.ClassLoader.loadClass(ClassLoader.java:321)
	at sun.misc.Launcher$AppClassLoader.loadClass(Launcher.java:294)
	at java.lang.ClassLoader.loadClass(ClassLoader.java:266)
	at java.lang.Class.forName0(Native Method)
	at java.lang.Class.forName(Class.java:186)
</error>
  <system-out><![CDATA[]]></system-out>
  <system-err><![CDATA[]]></system-err>
</testsuite>
